<?xml version="1.0" encoding="UTF-8"?>
<!-- Generated by org.testng.reporters.JUnitReportReporter -->
<testsuite hostname="LAPTOP-PM44O2TF" failures="0" tests="1" name="testngpkg.CopyPasteFB" time="2.124" errors="0" timestamp="2023-09-20T18:18:16 IST" skipped="0">
  <testcase classname="testngpkg.CopyPasteFB" name="test" time="2.124"/>
  <system-out/>
</testsuite> <!-- testngpkg.CopyPasteFB -->
