<?xml version="1.0" encoding="UTF-8"?>
<!-- Generated by org.testng.reporters.JUnitReportReporter -->
<testsuite hostname="LAPTOP-PM44O2TF" failures="0" tests="3" name="testngpkg.Crossbrowserpgm" time="4.024" errors="0" timestamp="2023-09-19T17:41:51 IST" skipped="0">
  <testcase classname="testngpkg.Crossbrowserpgm" name="test" time="1.045"/>
  <system-out/>
  <testcase classname="testngpkg.Crossbrowserpgm" name="test" time="1.185"/>
  <system-out/>
  <testcase classname="testngpkg.Crossbrowserpgm" name="test" time="1.794"/>
  <system-out/>
</testsuite> <!-- testngpkg.Crossbrowserpgm -->
