<?xml version="1.0" encoding="UTF-8"?>
<!-- Generated by org.testng.reporters.JUnitReportReporter -->
<testsuite hostname="LAPTOP-PM44O2TF" failures="0" tests="2" name="testngpkg.RediffDropdownselectedAndButtonenabled" time="4.810" errors="0" timestamp="2023-09-18T10:56:53 IST" skipped="0">
  <testcase classname="testngpkg.RediffDropdownselectedAndButtonenabled" name="test2" time="3.917"/>
  <system-out/>
  <testcase classname="testngpkg.RediffDropdownselectedAndButtonenabled" name="test1" time="0.893"/>
  <system-out/>
</testsuite> <!-- testngpkg.RediffDropdownselectedAndButtonenabled -->
