<?xml version="1.0" encoding="UTF-8"?>
<!-- Generated by org.testng.reporters.JUnitReportReporter -->
<testsuite hostname="LAPTOP-PM44O2TF" failures="0" tests="1" name="testngpkg.Prammeterisationpgm" time="0.009" errors="0" timestamp="2023-09-19T05:29:16 IST" skipped="0">
  <testcase classname="testngpkg.Prammeterisationpgm" name="test" time="0.009"/>
  <system-out/>
</testsuite> <!-- testngpkg.Prammeterisationpgm -->
