<?xml version="1.0" encoding="UTF-8"?>
<!-- Generated by org.testng.reporters.JUnitReportReporter -->
<testsuite hostname="LAPTOP-PM44O2TF" failures="0" tests="1" name="testngpkg.NotificationDisable" time="2.014" errors="0" timestamp="2023-09-28T10:10:12 IST" skipped="0">
  <testcase classname="testngpkg.NotificationDisable" name="test" time="2.014"/>
  <system-out/>
</testsuite> <!-- testngpkg.NotificationDisable -->
