<?xml version="1.0" encoding="UTF-8"?>
<!-- Generated by org.testng.reporters.JUnitReportReporter -->
<testsuite hostname="LAPTOP-PM44O2TF" failures="0" tests="1" name="testngpkg.RobotclssIlovepdfFileUpld" time="13.767" errors="0" timestamp="2023-09-25T06:00:15 IST" skipped="0">
  <testcase classname="testngpkg.RobotclssIlovepdfFileUpld" name="test" time="13.767"/>
  <system-out/>
</testsuite> <!-- testngpkg.RobotclssIlovepdfFileUpld -->
