<?xml version="1.0" encoding="UTF-8"?>
<!-- Generated by org.testng.reporters.JUnitReportReporter -->
<testsuite hostname="LAPTOP-PM44O2TF" failures="0" tests="1" name="testngpkg.CopyPasteRediff" time="6.929" errors="0" timestamp="2023-09-20T10:42:47 IST" skipped="0">
  <testcase classname="testngpkg.CopyPasteRediff" name="test" time="6.929"/>
  <system-out/>
</testsuite> <!-- testngpkg.CopyPasteRediff -->
