<?xml version="1.0" encoding="UTF-8"?>
<!-- Generated by org.testng.reporters.JUnitReportReporter -->
<testsuite hostname="LAPTOP-PM44O2TF" failures="0" tests="1" name="testngpkg.FBloginusingParammeterization" time="3.391" errors="0" timestamp="2023-09-18T10:23:51 IST" skipped="0">
  <testcase classname="testngpkg.FBloginusingParammeterization" name="test1" time="3.391"/>
  <system-out/>
</testsuite> <!-- testngpkg.FBloginusingParammeterization -->
