<?xml version="1.0" encoding="UTF-8"?>
<!-- Generated by org.testng.reporters.JUnitReportReporter -->
<testsuite hostname="LAPTOP-PM44O2TF" failures="0" tests="1" name="testngpkg.Datadrivenfb" time="11.253" errors="0" timestamp="2023-09-26T10:29:54 IST" skipped="0">
  <testcase classname="testngpkg.Datadrivenfb" name="test" time="11.253"/>
  <system-out/>
</testsuite> <!-- testngpkg.Datadrivenfb -->
