<?xml version="1.0" encoding="UTF-8"?>
<!-- Generated by org.testng.reporters.JUnitReportReporter -->
<testsuite hostname="LAPTOP-PM44O2TF" failures="0" tests="1" name="testngpkg.FileupldusingSndkys" time="0.265" errors="0" timestamp="2023-09-25T05:55:53 IST" skipped="0">
  <testcase classname="testngpkg.FileupldusingSndkys" name="test" time="0.265"/>
  <system-out/>
</testsuite> <!-- testngpkg.FileupldusingSndkys -->
