<?xml version="1.0" encoding="UTF-8"?>
<!-- Generated by org.testng.reporters.JUnitReportReporter -->
<testsuite hostname="LAPTOP-PM44O2TF" failures="0" tests="1" name="testngpkg.EbayMousehoverWaits" time="11.771" errors="0" timestamp="2023-10-04T10:37:52 IST" skipped="0">
  <testcase classname="testngpkg.EbayMousehoverWaits" name="test" time="11.771"/>
  <system-out/>
</testsuite> <!-- testngpkg.EbayMousehoverWaits -->
