<?xml version="1.0" encoding="UTF-8"?>
<!-- Generated by org.testng.reporters.JUnitReportReporter -->
<testsuite hostname="LAPTOP-PM44O2TF" failures="0" tests="1" name="testngpkg.EbayMousehover" time="4.781" errors="0" timestamp="2023-09-21T16:50:31 IST" skipped="0">
  <testcase classname="testngpkg.EbayMousehover" name="test" time="4.781"/>
  <system-out/>
</testsuite> <!-- testngpkg.EbayMousehover -->
