<?xml version="1.0" encoding="UTF-8"?>
<!-- Generated by org.testng.reporters.JUnitReportReporter -->
<testsuite hostname="LAPTOP-PM44O2TF" failures="0" tests="1" name="Test.Saucepagetest" time="3.482" errors="0" timestamp="2023-10-03T19:58:54 IST" skipped="0">
  <testcase classname="Test.Saucepagetest" name="test" time="3.482"/>
  <system-out/>
</testsuite> <!-- Test.Saucepagetest -->
