<?xml version="1.0" encoding="UTF-8"?>
<!-- Generated by org.testng.reporters.JUnitReportReporter -->
<testsuite hostname="LAPTOP-PM44O2TF" failures="0" tests="1" name="testngpkg.Datepickerpgm" time="8.321" errors="0" timestamp="2023-10-04T10:26:33 IST" skipped="0">
  <testcase classname="testngpkg.Datepickerpgm" name="test" time="8.321"/>
  <system-out/>
</testsuite> <!-- testngpkg.Datepickerpgm -->
