<?xml version="1.0" encoding="UTF-8"?>
<!-- Generated by org.testng.reporters.JUnitReportReporter -->
<testsuite hostname="LAPTOP-PM44O2TF" failures="0" tests="3" name="testngpkg.GroupsDemo" time="0.016" errors="0" timestamp="2023-09-17T12:17:10 IST" skipped="0">
  <testcase classname="testngpkg.GroupsDemo" name="test4" time="0.004"/>
  <system-out/>
  <testcase classname="testngpkg.GroupsDemo" name="test2" time="0.003"/>
  <system-out/>
  <testcase classname="testngpkg.GroupsDemo" name="test1" time="0.009"/>
  <system-out/>
</testsuite> <!-- testngpkg.GroupsDemo -->
