<?xml version="1.0" encoding="UTF-8"?>
<!-- Generated by org.testng.reporters.JUnitReportReporter -->
<testsuite hostname="LAPTOP-PM44O2TF" failures="0" tests="4" name="testngpkg.TestNGDemo" time="0.017" errors="0" timestamp="2023-09-16T10:55:39 IST" skipped="1">
  <testcase classname="testngpkg.TestNGDemo" name="test1" time="0.005"/>
  <system-out/>
  <testcase classname="testngpkg.TestNGDemo" name="test1" time="0.003"/>
  <system-out/>
  <testcase classname="testngpkg.TestNGDemo" name="test1" time="0.009"/>
  <system-out/>
  <testcase classname="testngpkg.TestNGDemo" name="test2">
    <skipped/>
  </testcase> <!-- test2 -->
  <system-out/>
</testsuite> <!-- testngpkg.TestNGDemo -->
