<?xml version="1.0" encoding="UTF-8"?>
<!-- Generated by org.testng.reporters.JUnitReportReporter -->
<testsuite hostname="LAPTOP-PM44O2TF" failures="0" tests="1" name="testngpkg.MultiplewindwHandle" time="9.090" errors="0" timestamp="2023-09-25T10:09:15 IST" skipped="0">
  <testcase classname="testngpkg.MultiplewindwHandle" name="test" time="9.090"/>
  <system-out/>
</testsuite> <!-- testngpkg.MultiplewindwHandle -->
