<?xml version="1.0" encoding="UTF-8"?>
<!-- Generated by org.testng.reporters.JUnitReportReporter -->
<testsuite hostname="LAPTOP-PM44O2TF" failures="0" tests="3" name="testngpkg.CrossbrowserpgmAmazon" time="5.444" errors="0" timestamp="2023-09-19T17:45:03 IST" skipped="0">
  <testcase classname="testngpkg.CrossbrowserpgmAmazon" name="test" time="2.415"/>
  <system-out/>
  <testcase classname="testngpkg.CrossbrowserpgmAmazon" name="test" time="1.380"/>
  <system-out/>
  <testcase classname="testngpkg.CrossbrowserpgmAmazon" name="test" time="1.649"/>
  <system-out/>
</testsuite> <!-- testngpkg.CrossbrowserpgmAmazon -->
