<?xml version="1.0" encoding="UTF-8"?>
<!-- Generated by org.testng.reporters.JUnitReportReporter -->
<testsuite hostname="LAPTOP-PM44O2TF" failures="0" tests="1" name="testngpkg.Scrolldownamazn" time="5.647" errors="0" timestamp="2023-09-28T10:46:50 IST" skipped="0">
  <testcase classname="testngpkg.Scrolldownamazn" name="test" time="5.647"/>
  <system-out/>
</testsuite> <!-- testngpkg.Scrolldownamazn -->
