<?xml version="1.0" encoding="UTF-8"?>
<!-- Generated by org.testng.reporters.JUnitReportReporter -->
<testsuite hostname="LAPTOP-PM44O2TF" failures="0" tests="1" name="testngpkg.SauceLoginValidation" time="1.106" errors="0" timestamp="2023-09-28T09:47:03 IST" skipped="0">
  <testcase classname="testngpkg.SauceLoginValidation" name="test" time="1.106"/>
  <system-out/>
</testsuite> <!-- testngpkg.SauceLoginValidation -->
