<?xml version="1.0" encoding="UTF-8"?>
<!-- Generated by org.testng.reporters.JUnitReportReporter -->
<testsuite hostname="LAPTOP-PM44O2TF" failures="0" tests="1" name="testngpkg.DatadrivenRediff" time="2.372" errors="0" timestamp="2023-09-27T18:51:26 IST" skipped="0">
  <testcase classname="testngpkg.DatadrivenRediff" name="test" time="2.372"/>
  <system-out/>
</testsuite> <!-- testngpkg.DatadrivenRediff -->
