<?xml version="1.0" encoding="UTF-8"?>
<!-- Generated by org.testng.reporters.JUnitReportReporter -->
<testsuite hostname="LAPTOP-PM44O2TF" failures="0" tests="1" name="testngpkg.DragandDropdemoguru" time="1.451" errors="0" timestamp="2023-09-21T10:49:14 IST" skipped="0">
  <testcase classname="testngpkg.DragandDropdemoguru" name="test" time="1.451"/>
  <system-out/>
</testsuite> <!-- testngpkg.DragandDropdemoguru -->
