<?xml version="1.0" encoding="UTF-8"?>
<!-- Generated by org.testng.reporters.JUnitReportReporter -->
<testsuite hostname="LAPTOP-PM44O2TF" failures="0" tests="4" name="testngpkg.EbayTestNG" time="35.008" errors="0" timestamp="2023-09-19T10:40:20 IST" skipped="0">
  <testcase classname="testngpkg.EbayTestNG" name="test1" time="6.371"/>
  <system-out/>
  <testcase classname="testngpkg.EbayTestNG" name="test4" time="8.773"/>
  <system-out/>
  <testcase classname="testngpkg.EbayTestNG" name="test2" time="12.576"/>
  <system-out/>
  <testcase classname="testngpkg.EbayTestNG" name="test3" time="7.288"/>
  <system-out/>
</testsuite> <!-- testngpkg.EbayTestNG -->
